# JRE version: Java(TM) SE Runtime Environment (8.0_181-b13) (build 1.8.0_181-b13)
# Java VM: Java HotSpot(TM) 64-Bit Server VM (25.181-b13 mixed mode windows-amd64 compressed oops)
Heap:
 PSYoungGen      total 378368K, used 77852K [0x00000000dad80000, 0x0000000100000000, 0x0000000100000000)
  eden space 364032K, 21% used [0x00000000dad80000,0x00000000df9870e8,0x00000000f1100000)
  from space 14336K, 0% used [0x00000000f1100000,0x00000000f1100000,0x00000000f1f00000)
  to   space 14336K, 0% used [0x00000000ff200000,0x00000000ff200000,0x0000000100000000)
 ParOldGen       total 54272K, used 13038K [0x0000000090800000, 0x0000000093d00000, 0x00000000dad80000)
  object space 54272K, 24% used [0x0000000090800000,0x00000000914bb810,0x0000000093d00000)
 Metaspace       used 27758K, capacity 28928K, committed 29184K, reserved 1075200K
  class space    used 4094K, capacity 4339K, committed 4352K, reserved 1048576K
GC Heap History (10 events):
Event: 6.511 GC heap before
{Heap before GC invocations=8 (full 0):
 PSYoungGen      total 121856K, used 117408K [0x00000000dad80000, 0x00000000e9c80000, 0x0000000100000000)
  eden space 114688K, 100% used [0x00000000dad80000,0x00000000e1d80000,0x00000000e1d80000)
  from space 7168K, 37% used [0x00000000e1d80000,0x00000000e2028010,0x00000000e2480000)
  to   space 7680K, 0% used [0x00000000e9500000,0x00000000e9500000,0x00000000e9c80000)
 ParOldGen       total 76800K, used 9375K [0x0000000090800000, 0x0000000095300000, 0x00000000dad80000)
  object space 76800K, 12% used [0x0000000090800000,0x0000000091127d48,0x0000000095300000)
 Metaspace       used 13938K, capacity 14296K, committed 14592K, reserved 1062912K
  class space    used 1820K, capacity 1931K, committed 2048K, reserved 1048576K
Event: 6.520 GC heap after
Heap after GC invocations=8 (full 0):
 PSYoungGen      total 237056K, used 3520K [0x00000000dad80000, 0x00000000e9c80000, 0x0000000100000000)
  eden space 229376K, 0% used [0x00000000dad80000,0x00000000dad80000,0x00000000e8d80000)
  from space 7680K, 45% used [0x00000000e9500000,0x00000000e9870010,0x00000000e9c80000)
  to   space 7680K, 0% used [0x00000000e8d80000,0x00000000e8d80000,0x00000000e9500000)
 ParOldGen       total 76800K, used 9655K [0x0000000090800000, 0x0000000095300000, 0x00000000dad80000)
  object space 76800K, 12% used [0x0000000090800000,0x000000009116dd48,0x0000000095300000)
 Metaspace       used 13938K, capacity 14296K, committed 14592K, reserved 1062912K
  class space    used 1820K, capacity 1931K, committed 2048K, reserved 1048576K
}
Event: 7.383 GC heap before
{Heap before GC invocations=9 (full 0):
 PSYoungGen      total 237056K, used 232896K [0x00000000dad80000, 0x00000000e9c80000, 0x0000000100000000)
  eden space 229376K, 100% used [0x00000000dad80000,0x00000000e8d80000,0x00000000e8d80000)
  from space 7680K, 45% used [0x00000000e9500000,0x00000000e9870010,0x00000000e9c80000)
  to   space 7680K, 0% used [0x00000000e8d80000,0x00000000e8d80000,0x00000000e9500000)
 ParOldGen       total 76800K, used 9655K [0x0000000090800000, 0x0000000095300000, 0x00000000dad80000)
  object space 76800K, 12% used [0x0000000090800000,0x000000009116dd48,0x0000000095300000)
 Metaspace       used 14001K, capacity 14360K, committed 14592K, reserved 1062912K
  class space    used 1820K, capacity 1931K, committed 2048K, reserved 1048576K
Event: 7.409 GC heap after
Heap after GC invocations=9 (full 0):
 PSYoungGen      total 237056K, used 7665K [0x00000000dad80000, 0x00000000f2a00000, 0x0000000100000000)
  eden space 229376K, 0% used [0x00000000dad80000,0x00000000dad80000,0x00000000e8d80000)
  from space 7680K, 99% used [0x00000000e8d80000,0x00000000e94fc538,0x00000000e9500000)
  to   space 11264K, 0% used [0x00000000f1f00000,0x00000000f1f00000,0x00000000f2a00000)
 ParOldGen       total 76800K, used 16753K [0x0000000090800000, 0x0000000095300000, 0x00000000dad80000)
  object space 76800K, 21% used [0x0000000090800000,0x000000009185c650,0x0000000095300000)
 Metaspace       used 14001K, capacity 14360K, committed 14592K, reserved 1062912K
  class space    used 1820K, capacity 1931K, committed 2048K, reserved 1048576K
}
Event: 8.253 GC heap before
{Heap before GC invocations=10 (full 0):
 PSYoungGen      total 237056K, used 237041K [0x00000000dad80000, 0x00000000f2a00000, 0x0000000100000000)
  eden space 229376K, 100% used [0x00000000dad80000,0x00000000e8d80000,0x00000000e8d80000)
  from space 7680K, 99% used [0x00000000e8d80000,0x00000000e94fc538,0x00000000e9500000)
  to   space 11264K, 0% used [0x00000000f1f00000,0x00000000f1f00000,0x00000000f2a00000)
 ParOldGen       total 76800K, used 16753K [0x0000000090800000, 0x0000000095300000, 0x00000000dad80000)
  object space 76800K, 21% used [0x0000000090800000,0x000000009185c650,0x0000000095300000)
 Metaspace       used 14032K, capacity 14424K, committed 14592K, reserved 1062912K
  class space    used 1820K, capacity 1931K, committed 2048K, reserved 1048576K
Event: 8.285 GC heap after
Heap after GC invocations=10 (full 0):
 PSYoungGen      total 375296K, used 11260K [0x00000000dad80000, 0x00000000f3000000, 0x0000000100000000)
  eden space 364032K, 0% used [0x00000000dad80000,0x00000000dad80000,0x00000000f1100000)
  from space 11264K, 99% used [0x00000000f1f00000,0x00000000f29ff210,0x00000000f2a00000)
  to   space 14336K, 0% used [0x00000000f1100000,0x00000000f1100000,0x00000000f1f00000)
 ParOldGen       total 76800K, used 21020K [0x0000000090800000, 0x0000000095300000, 0x00000000dad80000)
  object space 76800K, 27% used [0x0000000090800000,0x0000000091c870c8,0x0000000095300000)
 Metaspace       used 14032K, capacity 14424K, committed 14592K, reserved 1062912K
  class space    used 1820K, capacity 1931K, committed 2048K, reserved 1048576K
}
Event: 9.809 GC heap before
{Heap before GC invocations=11 (full 0):
 PSYoungGen      total 375296K, used 83892K [0x00000000dad80000, 0x00000000f3000000, 0x0000000100000000)
  eden space 364032K, 19% used [0x00000000dad80000,0x00000000df46e0f8,0x00000000f1100000)
  from space 11264K, 99% used [0x00000000f1f00000,0x00000000f29ff210,0x00000000f2a00000)
  to   space 14336K, 0% used [0x00000000f1100000,0x00000000f1100000,0x00000000f1f00000)
 ParOldGen       total 76800K, used 21020K [0x0000000090800000, 0x0000000095300000, 0x00000000dad80000)
  object space 76800K, 27% used [0x0000000090800000,0x0000000091c870c8,0x0000000095300000)
 Metaspace       used 20797K, capacity 21204K, committed 21296K, reserved 1067008K
  class space    used 3044K, capacity 3183K, committed 3200K, reserved 1048576K
Event: 9.836 GC heap after
Heap after GC invocations=11 (full 0):
 PSYoungGen      total 378368K, used 8435K [0x00000000dad80000, 0x0000000100000000, 0x0000000100000000)
  eden space 364032K, 0% used [0x00000000dad80000,0x00000000dad80000,0x00000000f1100000)
  from space 14336K, 58% used [0x00000000f1100000,0x00000000f193cd10,0x00000000f1f00000)
  to   space 14336K, 0% used [0x00000000ff200000,0x00000000ff200000,0x0000000100000000)
 ParOldGen       total 76800K, used 23888K [0x0000000090800000, 0x0000000095300000, 0x00000000dad80000)
  object space 76800K, 31% used [0x0000000090800000,0x0000000091f54138,0x0000000095300000)
 Metaspace       used 20797K, capacity 21204K, committed 21296K, reserved 1067008K
  class space    used 3044K, capacity 3183K, committed 3200K, reserved 1048576K
}
Event: 9.836 GC heap before
{Heap before GC invocations=12 (full 1):
 PSYoungGen      total 378368K, used 8435K [0x00000000dad80000, 0x0000000100000000, 0x0000000100000000)
  eden space 364032K, 0% used [0x00000000dad80000,0x00000000dad80000,0x00000000f1100000)
  from space 14336K, 58% used [0x00000000f1100000,0x00000000f193cd10,0x00000000f1f00000)
  to   space 14336K, 0% used [0x00000000ff200000,0x00000000ff200000,0x0000000100000000)
 ParOldGen       total 76800K, used 23888K [0x0000000090800000, 0x0000000095300000, 0x00000000dad80000)
  object space 76800K, 31% used [0x0000000090800000,0x0000000091f54138,0x0000000095300000)
 Metaspace       used 20797K, capacity 21204K, committed 21296K, reserved 1067008K
  class space    used 3044K, capacity 3183K, committed 3200K, reserved 1048576K
Event: 9.908 GC heap after
Heap after GC invocations=12 (full 1):
 PSYoungGen      total 378368K, used 0K [0x00000000dad80000, 0x0000000100000000, 0x0000000100000000)
  eden space 364032K, 0% used [0x00000000dad80000,0x00000000dad80000,0x00000000f1100000)
  from space 14336K, 0% used [0x00000000f1100000,0x00000000f1100000,0x00000000f1f00000)
  to   space 14336K, 0% used [0x00000000ff200000,0x00000000ff200000,0x0000000100000000)
 ParOldGen       total 54272K, used 13038K [0x0000000090800000, 0x0000000093d00000, 0x00000000dad80000)
  object space 54272K, 24% used [0x0000000090800000,0x00000000914bb810,0x0000000093d00000)
 Metaspace       used 20797K, capacity 21204K, committed 21296K, reserved 1067008K
  class space    used 3044K, capacity 3183K, committed 3200K, reserved 1048576K
}

