# JRE version: Java(TM) SE Runtime Environment (8.0_181-b13) (build 1.8.0_181-b13)
# Java VM: Java HotSpot(TM) 64-Bit Server VM (25.181-b13 mixed mode windows-amd64 compressed oops)
Heap:
 PSYoungGen      total 378368K, used 77841K [0x00000000dad80000, 0x0000000100000000, 0x0000000100000000)
  eden space 364032K, 21% used [0x00000000dad80000,0x00000000df984498,0x00000000f1100000)
  from space 14336K, 0% used [0x00000000f1100000,0x00000000f1100000,0x00000000f1f00000)
  to   space 14336K, 0% used [0x00000000ff200000,0x00000000ff200000,0x0000000100000000)
 ParOldGen       total 52224K, used 13034K [0x0000000090800000, 0x0000000093b00000, 0x00000000dad80000)
  object space 52224K, 24% used [0x0000000090800000,0x00000000914ba8a8,0x0000000093b00000)
 Metaspace       used 27679K, capacity 28800K, committed 28928K, reserved 1073152K
  class space    used 4078K, capacity 4339K, committed 4352K, reserved 1048576K
GC Heap History (10 events):
Event: 7.046 GC heap before
{Heap before GC invocations=8 (full 0):
 PSYoungGen      total 121856K, used 117376K [0x00000000dad80000, 0x00000000e9c80000, 0x0000000100000000)
  eden space 114688K, 100% used [0x00000000dad80000,0x00000000e1d80000,0x00000000e1d80000)
  from space 7168K, 37% used [0x00000000e1d80000,0x00000000e2020010,0x00000000e2480000)
  to   space 7680K, 0% used [0x00000000e9500000,0x00000000e9500000,0x00000000e9c80000)
 ParOldGen       total 76800K, used 9510K [0x0000000090800000, 0x0000000095300000, 0x00000000dad80000)
  object space 76800K, 12% used [0x0000000090800000,0x0000000091149a90,0x0000000095300000)
 Metaspace       used 13950K, capacity 14360K, committed 14592K, reserved 1062912K
  class space    used 1821K, capacity 1931K, committed 2048K, reserved 1048576K
Event: 7.057 GC heap after
Heap after GC invocations=8 (full 0):
 PSYoungGen      total 237056K, used 3616K [0x00000000dad80000, 0x00000000e9c80000, 0x0000000100000000)
  eden space 229376K, 0% used [0x00000000dad80000,0x00000000dad80000,0x00000000e8d80000)
  from space 7680K, 47% used [0x00000000e9500000,0x00000000e9888010,0x00000000e9c80000)
  to   space 7680K, 0% used [0x00000000e8d80000,0x00000000e8d80000,0x00000000e9500000)
 ParOldGen       total 76800K, used 9718K [0x0000000090800000, 0x0000000095300000, 0x00000000dad80000)
  object space 76800K, 12% used [0x0000000090800000,0x000000009117da90,0x0000000095300000)
 Metaspace       used 13950K, capacity 14360K, committed 14592K, reserved 1062912K
  class space    used 1821K, capacity 1931K, committed 2048K, reserved 1048576K
}
Event: 7.915 GC heap before
{Heap before GC invocations=9 (full 0):
 PSYoungGen      total 237056K, used 232992K [0x00000000dad80000, 0x00000000e9c80000, 0x0000000100000000)
  eden space 229376K, 100% used [0x00000000dad80000,0x00000000e8d80000,0x00000000e8d80000)
  from space 7680K, 47% used [0x00000000e9500000,0x00000000e9888010,0x00000000e9c80000)
  to   space 7680K, 0% used [0x00000000e8d80000,0x00000000e8d80000,0x00000000e9500000)
 ParOldGen       total 76800K, used 9718K [0x0000000090800000, 0x0000000095300000, 0x00000000dad80000)
  object space 76800K, 12% used [0x0000000090800000,0x000000009117da90,0x0000000095300000)
 Metaspace       used 14007K, capacity 14360K, committed 14592K, reserved 1062912K
  class space    used 1821K, capacity 1931K, committed 2048K, reserved 1048576K
Event: 7.943 GC heap after
Heap after GC invocations=9 (full 0):
 PSYoungGen      total 237056K, used 7649K [0x00000000dad80000, 0x00000000f2a00000, 0x0000000100000000)
  eden space 229376K, 0% used [0x00000000dad80000,0x00000000dad80000,0x00000000e8d80000)
  from space 7680K, 99% used [0x00000000e8d80000,0x00000000e94f8550,0x00000000e9500000)
  to   space 11264K, 0% used [0x00000000f1f00000,0x00000000f1f00000,0x00000000f2a00000)
 ParOldGen       total 76800K, used 16854K [0x0000000090800000, 0x0000000095300000, 0x00000000dad80000)
  object space 76800K, 21% used [0x0000000090800000,0x0000000091875b28,0x0000000095300000)
 Metaspace       used 14007K, capacity 14360K, committed 14592K, reserved 1062912K
  class space    used 1821K, capacity 1931K, committed 2048K, reserved 1048576K
}
Event: 8.837 GC heap before
{Heap before GC invocations=10 (full 0):
 PSYoungGen      total 237056K, used 237025K [0x00000000dad80000, 0x00000000f2a00000, 0x0000000100000000)
  eden space 229376K, 100% used [0x00000000dad80000,0x00000000e8d80000,0x00000000e8d80000)
  from space 7680K, 99% used [0x00000000e8d80000,0x00000000e94f8550,0x00000000e9500000)
  to   space 11264K, 0% used [0x00000000f1f00000,0x00000000f1f00000,0x00000000f2a00000)
 ParOldGen       total 76800K, used 16854K [0x0000000090800000, 0x0000000095300000, 0x00000000dad80000)
  object space 76800K, 21% used [0x0000000090800000,0x0000000091875b28,0x0000000095300000)
 Metaspace       used 14040K, capacity 14424K, committed 14592K, reserved 1062912K
  class space    used 1821K, capacity 1931K, committed 2048K, reserved 1048576K
Event: 8.893 GC heap after
Heap after GC invocations=10 (full 0):
 PSYoungGen      total 375296K, used 11260K [0x00000000dad80000, 0x00000000f3000000, 0x0000000100000000)
  eden space 364032K, 0% used [0x00000000dad80000,0x00000000dad80000,0x00000000f1100000)
  from space 11264K, 99% used [0x00000000f1f00000,0x00000000f29ff210,0x00000000f2a00000)
  to   space 14336K, 0% used [0x00000000f1100000,0x00000000f1100000,0x00000000f1f00000)
 ParOldGen       total 76800K, used 21091K [0x0000000090800000, 0x0000000095300000, 0x00000000dad80000)
  object space 76800K, 27% used [0x0000000090800000,0x0000000091c98c78,0x0000000095300000)
 Metaspace       used 14040K, capacity 14424K, committed 14592K, reserved 1062912K
  class space    used 1821K, capacity 1931K, committed 2048K, reserved 1048576K
}
Event: 10.381 GC heap before
{Heap before GC invocations=11 (full 0):
 PSYoungGen      total 375296K, used 83842K [0x00000000dad80000, 0x00000000f3000000, 0x0000000100000000)
  eden space 364032K, 19% used [0x00000000dad80000,0x00000000df461848,0x00000000f1100000)
  from space 11264K, 99% used [0x00000000f1f00000,0x00000000f29ff210,0x00000000f2a00000)
  to   space 14336K, 0% used [0x00000000f1100000,0x00000000f1100000,0x00000000f1f00000)
 ParOldGen       total 76800K, used 21091K [0x0000000090800000, 0x0000000095300000, 0x00000000dad80000)
  object space 76800K, 27% used [0x0000000090800000,0x0000000091c98c78,0x0000000095300000)
 Metaspace       used 20739K, capacity 21204K, committed 21296K, reserved 1067008K
  class space    used 3038K, capacity 3183K, committed 3200K, reserved 1048576K
Event: 10.403 GC heap after
Heap after GC invocations=11 (full 0):
 PSYoungGen      total 378368K, used 8470K [0x00000000dad80000, 0x0000000100000000, 0x0000000100000000)
  eden space 364032K, 0% used [0x00000000dad80000,0x00000000dad80000,0x00000000f1100000)
  from space 14336K, 59% used [0x00000000f1100000,0x00000000f19458b8,0x00000000f1f00000)
  to   space 14336K, 0% used [0x00000000ff200000,0x00000000ff200000,0x0000000100000000)
 ParOldGen       total 76800K, used 23959K [0x0000000090800000, 0x0000000095300000, 0x00000000dad80000)
  object space 76800K, 31% used [0x0000000090800000,0x0000000091f65ce8,0x0000000095300000)
 Metaspace       used 20739K, capacity 21204K, committed 21296K, reserved 1067008K
  class space    used 3038K, capacity 3183K, committed 3200K, reserved 1048576K
}
Event: 10.403 GC heap before
{Heap before GC invocations=12 (full 1):
 PSYoungGen      total 378368K, used 8470K [0x00000000dad80000, 0x0000000100000000, 0x0000000100000000)
  eden space 364032K, 0% used [0x00000000dad80000,0x00000000dad80000,0x00000000f1100000)
  from space 14336K, 59% used [0x00000000f1100000,0x00000000f19458b8,0x00000000f1f00000)
  to   space 14336K, 0% used [0x00000000ff200000,0x00000000ff200000,0x0000000100000000)
 ParOldGen       total 76800K, used 23959K [0x0000000090800000, 0x0000000095300000, 0x00000000dad80000)
  object space 76800K, 31% used [0x0000000090800000,0x0000000091f65ce8,0x0000000095300000)
 Metaspace       used 20739K, capacity 21204K, committed 21296K, reserved 1067008K
  class space    used 3038K, capacity 3183K, committed 3200K, reserved 1048576K
Event: 10.468 GC heap after
Heap after GC invocations=12 (full 1):
 PSYoungGen      total 378368K, used 0K [0x00000000dad80000, 0x0000000100000000, 0x0000000100000000)
  eden space 364032K, 0% used [0x00000000dad80000,0x00000000dad80000,0x00000000f1100000)
  from space 14336K, 0% used [0x00000000f1100000,0x00000000f1100000,0x00000000f1f00000)
  to   space 14336K, 0% used [0x00000000ff200000,0x00000000ff200000,0x0000000100000000)
 ParOldGen       total 52224K, used 13034K [0x0000000090800000, 0x0000000093b00000, 0x00000000dad80000)
  object space 52224K, 24% used [0x0000000090800000,0x00000000914ba8a8,0x0000000093b00000)
 Metaspace       used 20739K, capacity 21204K, committed 21296K, reserved 1067008K
  class space    used 3038K, capacity 3183K, committed 3200K, reserved 1048576K
}

