# JRE version: Java(TM) SE Runtime Environment (8.0_181-b13) (build 1.8.0_181-b13)
# Java VM: Java HotSpot(TM) 64-Bit Server VM (25.181-b13 mixed mode windows-amd64 compressed oops)
Heap:
 PSYoungGen      total 378368K, used 311620K [0x00000000dad80000, 0x0000000100000000, 0x0000000100000000)
  eden space 364032K, 85% used [0x00000000dad80000,0x00000000eddd12b0,0x00000000f1100000)
  from space 14336K, 0% used [0x00000000f1100000,0x00000000f1100000,0x00000000f1f00000)
  to   space 14336K, 0% used [0x00000000ff200000,0x00000000ff200000,0x0000000100000000)
 ParOldGen       total 54272K, used 13222K [0x0000000090800000, 0x0000000093d00000, 0x00000000dad80000)
  object space 54272K, 24% used [0x0000000090800000,0x00000000914e9a00,0x0000000093d00000)
 Metaspace       used 28428K, capacity 29580K, committed 29696K, reserved 1075200K
  class space    used 4092K, capacity 4339K, committed 4352K, reserved 1048576K
GC Heap History (10 events):
Event: 5.121 GC heap before
{Heap before GC invocations=8 (full 0):
 PSYoungGen      total 121856K, used 117472K [0x00000000dad80000, 0x00000000e9c80000, 0x0000000100000000)
  eden space 114688K, 100% used [0x00000000dad80000,0x00000000e1d80000,0x00000000e1d80000)
  from space 7168K, 38% used [0x00000000e1d80000,0x00000000e2038010,0x00000000e2480000)
  to   space 7680K, 0% used [0x00000000e9500000,0x00000000e9500000,0x00000000e9c80000)
 ParOldGen       total 76800K, used 9315K [0x0000000090800000, 0x0000000095300000, 0x00000000dad80000)
  object space 76800K, 12% used [0x0000000090800000,0x0000000091118c88,0x0000000095300000)
 Metaspace       used 13927K, capacity 14296K, committed 14592K, reserved 1062912K
  class space    used 1817K, capacity 1931K, committed 2048K, reserved 1048576K
Event: 5.129 GC heap after
Heap after GC invocations=8 (full 0):
 PSYoungGen      total 237056K, used 3648K [0x00000000dad80000, 0x00000000e9c80000, 0x0000000100000000)
  eden space 229376K, 0% used [0x00000000dad80000,0x00000000dad80000,0x00000000e8d80000)
  from space 7680K, 47% used [0x00000000e9500000,0x00000000e9890010,0x00000000e9c80000)
  to   space 7680K, 0% used [0x00000000e8d80000,0x00000000e8d80000,0x00000000e9500000)
 ParOldGen       total 76800K, used 9619K [0x0000000090800000, 0x0000000095300000, 0x00000000dad80000)
  object space 76800K, 12% used [0x0000000090800000,0x0000000091164c88,0x0000000095300000)
 Metaspace       used 13927K, capacity 14296K, committed 14592K, reserved 1062912K
  class space    used 1817K, capacity 1931K, committed 2048K, reserved 1048576K
}
Event: 5.734 GC heap before
{Heap before GC invocations=9 (full 0):
 PSYoungGen      total 237056K, used 233024K [0x00000000dad80000, 0x00000000e9c80000, 0x0000000100000000)
  eden space 229376K, 100% used [0x00000000dad80000,0x00000000e8d80000,0x00000000e8d80000)
  from space 7680K, 47% used [0x00000000e9500000,0x00000000e9890010,0x00000000e9c80000)
  to   space 7680K, 0% used [0x00000000e8d80000,0x00000000e8d80000,0x00000000e9500000)
 ParOldGen       total 76800K, used 9619K [0x0000000090800000, 0x0000000095300000, 0x00000000dad80000)
  object space 76800K, 12% used [0x0000000090800000,0x0000000091164c88,0x0000000095300000)
 Metaspace       used 13991K, capacity 14360K, committed 14592K, reserved 1062912K
  class space    used 1817K, capacity 1931K, committed 2048K, reserved 1048576K
Event: 5.757 GC heap after
Heap after GC invocations=9 (full 0):
 PSYoungGen      total 237056K, used 7671K [0x00000000dad80000, 0x00000000f2a00000, 0x0000000100000000)
  eden space 229376K, 0% used [0x00000000dad80000,0x00000000dad80000,0x00000000e8d80000)
  from space 7680K, 99% used [0x00000000e8d80000,0x00000000e94fdee8,0x00000000e9500000)
  to   space 11264K, 0% used [0x00000000f1f00000,0x00000000f1f00000,0x00000000f2a00000)
 ParOldGen       total 76800K, used 16777K [0x0000000090800000, 0x0000000095300000, 0x00000000dad80000)
  object space 76800K, 21% used [0x0000000090800000,0x0000000091862700,0x0000000095300000)
 Metaspace       used 13991K, capacity 14360K, committed 14592K, reserved 1062912K
  class space    used 1817K, capacity 1931K, committed 2048K, reserved 1048576K
}
Event: 6.356 GC heap before
{Heap before GC invocations=10 (full 0):
 PSYoungGen      total 237056K, used 237047K [0x00000000dad80000, 0x00000000f2a00000, 0x0000000100000000)
  eden space 229376K, 100% used [0x00000000dad80000,0x00000000e8d80000,0x00000000e8d80000)
  from space 7680K, 99% used [0x00000000e8d80000,0x00000000e94fdee8,0x00000000e9500000)
  to   space 11264K, 0% used [0x00000000f1f00000,0x00000000f1f00000,0x00000000f2a00000)
 ParOldGen       total 76800K, used 16777K [0x0000000090800000, 0x0000000095300000, 0x00000000dad80000)
  object space 76800K, 21% used [0x0000000090800000,0x0000000091862700,0x0000000095300000)
 Metaspace       used 14022K, capacity 14424K, committed 14592K, reserved 1062912K
  class space    used 1817K, capacity 1931K, committed 2048K, reserved 1048576K
Event: 6.384 GC heap after
Heap after GC invocations=10 (full 0):
 PSYoungGen      total 375296K, used 11260K [0x00000000dad80000, 0x00000000f3000000, 0x0000000100000000)
  eden space 364032K, 0% used [0x00000000dad80000,0x00000000dad80000,0x00000000f1100000)
  from space 11264K, 99% used [0x00000000f1f00000,0x00000000f29ff210,0x00000000f2a00000)
  to   space 14336K, 0% used [0x00000000f1100000,0x00000000f1100000,0x00000000f1f00000)
 ParOldGen       total 76800K, used 21010K [0x0000000090800000, 0x0000000095300000, 0x00000000dad80000)
  object space 76800K, 27% used [0x0000000090800000,0x0000000091c84860,0x0000000095300000)
 Metaspace       used 14022K, capacity 14424K, committed 14592K, reserved 1062912K
  class space    used 1817K, capacity 1931K, committed 2048K, reserved 1048576K
}
Event: 7.456 GC heap before
{Heap before GC invocations=11 (full 0):
 PSYoungGen      total 375296K, used 83859K [0x00000000dad80000, 0x00000000f3000000, 0x0000000100000000)
  eden space 364032K, 19% used [0x00000000dad80000,0x00000000df465c28,0x00000000f1100000)
  from space 11264K, 99% used [0x00000000f1f00000,0x00000000f29ff210,0x00000000f2a00000)
  to   space 14336K, 0% used [0x00000000f1100000,0x00000000f1100000,0x00000000f1f00000)
 ParOldGen       total 76800K, used 21010K [0x0000000090800000, 0x0000000095300000, 0x00000000dad80000)
  object space 76800K, 27% used [0x0000000090800000,0x0000000091c84860,0x0000000095300000)
 Metaspace       used 20789K, capacity 21172K, committed 21296K, reserved 1067008K
  class space    used 3041K, capacity 3151K, committed 3200K, reserved 1048576K
Event: 7.475 GC heap after
Heap after GC invocations=11 (full 0):
 PSYoungGen      total 378368K, used 8483K [0x00000000dad80000, 0x0000000100000000, 0x0000000100000000)
  eden space 364032K, 0% used [0x00000000dad80000,0x00000000dad80000,0x00000000f1100000)
  from space 14336K, 59% used [0x00000000f1100000,0x00000000f1948dd0,0x00000000f1f00000)
  to   space 14336K, 0% used [0x00000000ff200000,0x00000000ff200000,0x0000000100000000)
 ParOldGen       total 76800K, used 23870K [0x0000000090800000, 0x0000000095300000, 0x00000000dad80000)
  object space 76800K, 31% used [0x0000000090800000,0x0000000091f4f8b0,0x0000000095300000)
 Metaspace       used 20789K, capacity 21172K, committed 21296K, reserved 1067008K
  class space    used 3041K, capacity 3151K, committed 3200K, reserved 1048576K
}
Event: 7.475 GC heap before
{Heap before GC invocations=12 (full 1):
 PSYoungGen      total 378368K, used 8483K [0x00000000dad80000, 0x0000000100000000, 0x0000000100000000)
  eden space 364032K, 0% used [0x00000000dad80000,0x00000000dad80000,0x00000000f1100000)
  from space 14336K, 59% used [0x00000000f1100000,0x00000000f1948dd0,0x00000000f1f00000)
  to   space 14336K, 0% used [0x00000000ff200000,0x00000000ff200000,0x0000000100000000)
 ParOldGen       total 76800K, used 23870K [0x0000000090800000, 0x0000000095300000, 0x00000000dad80000)
  object space 76800K, 31% used [0x0000000090800000,0x0000000091f4f8b0,0x0000000095300000)
 Metaspace       used 20789K, capacity 21172K, committed 21296K, reserved 1067008K
  class space    used 3041K, capacity 3151K, committed 3200K, reserved 1048576K
Event: 7.524 GC heap after
Heap after GC invocations=12 (full 1):
 PSYoungGen      total 378368K, used 0K [0x00000000dad80000, 0x0000000100000000, 0x0000000100000000)
  eden space 364032K, 0% used [0x00000000dad80000,0x00000000dad80000,0x00000000f1100000)
  from space 14336K, 0% used [0x00000000f1100000,0x00000000f1100000,0x00000000f1f00000)
  to   space 14336K, 0% used [0x00000000ff200000,0x00000000ff200000,0x0000000100000000)
 ParOldGen       total 54272K, used 13222K [0x0000000090800000, 0x0000000093d00000, 0x00000000dad80000)
  object space 54272K, 24% used [0x0000000090800000,0x00000000914e9a00,0x0000000093d00000)
 Metaspace       used 20789K, capacity 21172K, committed 21296K, reserved 1067008K
  class space    used 3041K, capacity 3151K, committed 3200K, reserved 1048576K
}

